build 2/app/intermediates/manifest_merge_blame_file/debug/manifest-merger-blame-debug-report.txt
1<?xml version="1.0" encoding="utf-8"?>
2<manifest xmlns:android="http://schemas.android.com/apk/res/android"
3    package="com.community.adlinc"
4    android:versionCode="1"
5    android:versionName="1.0.0" >
6
7    <uses-sdk
8        android:minSdkVersion="21"
9        android:targetSdkVersion="33" />
10    <!--
11         The INTERNET permission is required for development. Specifically,
12         the Flutter tool needs it to communicate with the running application
13         to allow setting breakpoints, to provide hot reload, etc.
14    -->
15    <uses-permission android:name="android.permission.INTERNET" />
15-->src/debug/AndroidManifest.xml:7:5-66
15-->src/debug/AndroidManifest.xml:7:22-64
16    <uses-permission android:name="android.permission.READ_EXTERNAL_STORAGE" />
16-->[:file_picker] AndroidManifest.xml:9:5-80
16-->[:file_picker] AndroidManifest.xml:9:22-77
17
18    <queries>
18-->[:file_picker] AndroidManifest.xml:11:5-17:15
19        <intent>
19-->[:file_picker] AndroidManifest.xml:12:9-16:18
20            <action android:name="android.intent.action.GET_CONTENT" />
20-->[:file_picker] AndroidManifest.xml:13:13-72
20-->[:file_picker] AndroidManifest.xml:13:21-69
21
22            <data android:mimeType="*/*" />
22-->[:file_picker] AndroidManifest.xml:15:13-44
22-->[:file_picker] AndroidManifest.xml:15:19-41
23        </intent>
24        <!-- Added to check the default browser that will host the AuthFlow. -->
25        <intent>
25-->[com.stripe:financial-connections:20.15.4] AndroidManifest.xml:15:9-19:18
26            <action android:name="android.intent.action.VIEW" />
26-->[com.stripe:financial-connections:20.15.4] AndroidManifest.xml:16:13-65
26-->[com.stripe:financial-connections:20.15.4] AndroidManifest.xml:16:21-62
27
28            <data android:scheme="http" />
28-->[:file_picker] AndroidManifest.xml:15:13-44
29        </intent> <!-- Added to check if Chrome is installed for browser-based payment authentication (e.g. 3DS1). -->
30        <package android:name="com.android.chrome" /> <!-- Needs to be explicitly declared on Android R+ -->
30-->[com.stripe:payments-core:20.15.4] AndroidManifest.xml:13:9-54
30-->[com.stripe:payments-core:20.15.4] AndroidManifest.xml:13:18-51
31        <package android:name="com.google.android.apps.maps" />
31-->[com.google.android.gms:play-services-maps:18.0.2] AndroidManifest.xml:33:9-64
31-->[com.google.android.gms:play-services-maps:18.0.2] AndroidManifest.xml:33:18-61
32    </queries>
33
34    <uses-permission android:name="android.permission.ACCESS_FINE_LOCATION" />
34-->[com.google.android.libraries.places:places:2.5.0] AndroidManifest.xml:9:5-79
34-->[com.google.android.libraries.places:places:2.5.0] AndroidManifest.xml:9:22-76
35    <uses-permission android:name="android.permission.ACCESS_WIFI_STATE" />
35-->[com.google.android.libraries.places:places:2.5.0] AndroidManifest.xml:10:5-76
35-->[com.google.android.libraries.places:places:2.5.0] AndroidManifest.xml:10:22-73
36    <uses-permission android:name="android.permission.ACCESS_NETWORK_STATE" />
36-->[com.google.firebase:firebase-auth:21.0.8] AndroidManifest.xml:24:5-79
36-->[com.google.firebase:firebase-auth:21.0.8] AndroidManifest.xml:24:22-76
37    <uses-permission android:name="android.permission.WAKE_LOCK" />
37-->[com.google.android.gms:play-services-measurement-api:21.1.1] AndroidManifest.xml:24:5-68
37-->[com.google.android.gms:play-services-measurement-api:21.1.1] AndroidManifest.xml:24:22-65
38    <uses-permission android:name="com.google.android.gms.permission.AD_ID" />
38-->[com.google.android.gms:play-services-measurement-api:21.1.1] AndroidManifest.xml:25:5-79
38-->[com.google.android.gms:play-services-measurement-api:21.1.1] AndroidManifest.xml:25:22-76
39    <uses-permission android:name="com.google.android.finsky.permission.BIND_GET_INSTALL_REFERRER_SERVICE" />
39-->[com.google.android.gms:play-services-measurement:21.1.1] AndroidManifest.xml:26:5-110
39-->[com.google.android.gms:play-services-measurement:21.1.1] AndroidManifest.xml:26:22-107
40
41    <uses-feature
41-->[com.google.android.gms:play-services-maps:18.0.2] AndroidManifest.xml:26:5-28:35
42        android:glEsVersion="0x00020000"
42-->[com.google.android.gms:play-services-maps:18.0.2] AndroidManifest.xml:27:9-41
43        android:required="true" />
43-->[com.google.android.gms:play-services-maps:18.0.2] AndroidManifest.xml:28:9-32
44
45    <permission
45-->[androidx.core:core:1.9.0] AndroidManifest.xml:22:5-24:47
46        android:name="com.community.adlinc.DYNAMIC_RECEIVER_NOT_EXPORTED_PERMISSION"
46-->[androidx.core:core:1.9.0] AndroidManifest.xml:23:9-81
47        android:protectionLevel="signature" />
47-->[androidx.core:core:1.9.0] AndroidManifest.xml:24:9-44
48
49    <uses-permission android:name="com.community.adlinc.DYNAMIC_RECEIVER_NOT_EXPORTED_PERMISSION" />
49-->[androidx.core:core:1.9.0] AndroidManifest.xml:26:5-97
49-->[androidx.core:core:1.9.0] AndroidManifest.xml:26:22-94
50
51    <application
52        android:name="android.app.Application"
53        android:appComponentFactory="androidx.core.app.CoreComponentFactory"
53-->[androidx.core:core:1.9.0] AndroidManifest.xml:28:18-86
54        android:debuggable="true"
55        android:icon="@mipmap/ic_launcher"
56        android:label="adlinc" >
57        <activity
58            android:name="com.community.adlinc.MainActivity"
59            android:configChanges="orientation|keyboardHidden|keyboard|screenSize|smallestScreenSize|locale|layoutDirection|fontScale|screenLayout|density|uiMode"
60            android:exported="true"
61            android:hardwareAccelerated="true"
62            android:launchMode="singleTop"
63            android:theme="@style/LaunchTheme"
64            android:windowSoftInputMode="adjustResize" >
65
66            <!--
67                 Specifies an Android theme to apply to this Activity as soon as
68                 the Android process has started. This theme is visible to the user
69                 while the Flutter UI initializes. After that, this theme continues
70                 to determine the Window background behind the Flutter UI.
71            -->
72            <meta-data
73                android:name="io.flutter.embedding.android.NormalTheme"
74                android:resource="@style/NormalTheme" />
75
76            <intent-filter>
77                <action android:name="android.intent.action.MAIN" />
78
79                <category android:name="android.intent.category.LAUNCHER" />
80            </intent-filter>
81        </activity>
82        <!--
83             Don't delete the meta-data below.
84             This is used by the Flutter tool to generate GeneratedPluginRegistrant.java
85        -->
86        <meta-data
87            android:name="flutterEmbedding"
88            android:value="2" />
89
90        <service
90-->[:cloud_firestore] AndroidManifest.xml:10:9-14:19
91            android:name="com.google.firebase.components.ComponentDiscoveryService"
91-->[:cloud_firestore] AndroidManifest.xml:10:18-89
92            android:directBootAware="true"
92-->[com.google.firebase:firebase-common:20.1.2] AndroidManifest.xml:35:13-43
93            android:exported="false" >
93-->[com.google.firebase:firebase-auth:21.0.8] AndroidManifest.xml:66:13-37
94            <meta-data
94-->[:cloud_firestore] AndroidManifest.xml:11:13-13:85
95                android:name="com.google.firebase.components:io.flutter.plugins.firebase.firestore.FlutterFirebaseFirestoreRegistrar"
95-->[:cloud_firestore] AndroidManifest.xml:12:17-134
96                android:value="com.google.firebase.components.ComponentRegistrar" />
96-->[:cloud_firestore] AndroidManifest.xml:13:17-82
97            <meta-data
97-->[:firebase_dynamic_links] AndroidManifest.xml:13:13-15:85
98                android:name="com.google.firebase.components:io.flutter.plugins.firebase.dynamiclinks.FlutterFirebaseAppRegistrar"
98-->[:firebase_dynamic_links] AndroidManifest.xml:14:17-131
99                android:value="com.google.firebase.components.ComponentRegistrar" />
99-->[:firebase_dynamic_links] AndroidManifest.xml:15:17-82
100            <meta-data
100-->[:firebase_auth] AndroidManifest.xml:11:13-13:85
101                android:name="com.google.firebase.components:io.flutter.plugins.firebase.auth.FlutterFirebaseAuthRegistrar"
101-->[:firebase_auth] AndroidManifest.xml:12:17-124
102                android:value="com.google.firebase.components.ComponentRegistrar" />
102-->[:firebase_auth] AndroidManifest.xml:13:17-82
103            <meta-data
103-->[:firebase_storage] AndroidManifest.xml:11:13-13:85
104                android:name="com.google.firebase.components:io.flutter.plugins.firebase.storage.FlutterFirebaseAppRegistrar"
104-->[:firebase_storage] AndroidManifest.xml:12:17-126
105                android:value="com.google.firebase.components.ComponentRegistrar" />
105-->[:firebase_storage] AndroidManifest.xml:13:17-82
106            <meta-data
106-->[:firebase_core] AndroidManifest.xml:11:13-13:85
107                android:name="com.google.firebase.components:io.flutter.plugins.firebase.core.FlutterFirebaseCoreRegistrar"
107-->[:firebase_core] AndroidManifest.xml:12:17-124
108                android:value="com.google.firebase.components.ComponentRegistrar" />
108-->[:firebase_core] AndroidManifest.xml:13:17-82
109            <meta-data
109-->[com.google.firebase:firebase-auth:21.0.8] AndroidManifest.xml:67:13-69:85
110                android:name="com.google.firebase.components:com.google.firebase.auth.FirebaseAuthRegistrar"
110-->[com.google.firebase:firebase-auth:21.0.8] AndroidManifest.xml:68:17-109
111                android:value="com.google.firebase.components.ComponentRegistrar" />
111-->[com.google.firebase:firebase-auth:21.0.8] AndroidManifest.xml:69:17-82
112            <meta-data
112-->[com.google.firebase:firebase-firestore:24.3.1] AndroidManifest.xml:20:13-22:85
113                android:name="com.google.firebase.components:com.google.firebase.firestore.FirestoreRegistrar"
113-->[com.google.firebase:firebase-firestore:24.3.1] AndroidManifest.xml:21:17-111
114                android:value="com.google.firebase.components.ComponentRegistrar" />
114-->[com.google.firebase:firebase-firestore:24.3.1] AndroidManifest.xml:22:17-82
115            <meta-data
115-->[com.google.firebase:firebase-dynamic-links:21.0.2] AndroidManifest.xml:27:13-29:85
116                android:name="com.google.firebase.components:com.google.firebase.dynamiclinks.internal.FirebaseDynamicLinkRegistrar"
116-->[com.google.firebase:firebase-dynamic-links:21.0.2] AndroidManifest.xml:28:17-133
117                android:value="com.google.firebase.components.ComponentRegistrar" />
117-->[com.google.firebase:firebase-dynamic-links:21.0.2] AndroidManifest.xml:29:17-82
118            <meta-data
118-->[com.google.firebase:firebase-storage:20.0.2] AndroidManifest.xml:33:13-35:85
119                android:name="com.google.firebase.components:com.google.firebase.storage.StorageRegistrar"
119-->[com.google.firebase:firebase-storage:20.0.2] AndroidManifest.xml:34:17-107
120                android:value="com.google.firebase.components.ComponentRegistrar" />
120-->[com.google.firebase:firebase-storage:20.0.2] AndroidManifest.xml:35:17-82
121            <meta-data
121-->[com.google.android.gms:play-services-measurement-api:21.1.1] AndroidManifest.xml:31:13-33:85
122                android:name="com.google.firebase.components:com.google.firebase.analytics.connector.internal.AnalyticsConnectorRegistrar"
122-->[com.google.android.gms:play-services-measurement-api:21.1.1] AndroidManifest.xml:32:17-139
123                android:value="com.google.firebase.components.ComponentRegistrar" />
123-->[com.google.android.gms:play-services-measurement-api:21.1.1] AndroidManifest.xml:33:17-82
124            <meta-data
124-->[com.google.firebase:firebase-installations:17.0.3] AndroidManifest.xml:18:13-20:85
125                android:name="com.google.firebase.components:com.google.firebase.installations.FirebaseInstallationsRegistrar"
125-->[com.google.firebase:firebase-installations:17.0.3] AndroidManifest.xml:19:17-127
126                android:value="com.google.firebase.components.ComponentRegistrar" />
126-->[com.google.firebase:firebase-installations:17.0.3] AndroidManifest.xml:20:17-82
127        </service>
128
129        <activity
129-->[com.stripe:paymentsheet:20.15.4] AndroidManifest.xml:10:9-13:69
130            android:name="com.stripe.android.paymentsheet.PaymentSheetActivity"
130-->[com.stripe:paymentsheet:20.15.4] AndroidManifest.xml:11:13-80
131            android:exported="false"
131-->[com.stripe:paymentsheet:20.15.4] AndroidManifest.xml:12:13-37
132            android:theme="@style/StripePaymentSheetDefaultTheme" />
132-->[com.stripe:paymentsheet:20.15.4] AndroidManifest.xml:13:13-66
133        <activity
133-->[com.stripe:paymentsheet:20.15.4] AndroidManifest.xml:14:9-17:69
134            android:name="com.stripe.android.paymentsheet.PaymentOptionsActivity"
134-->[com.stripe:paymentsheet:20.15.4] AndroidManifest.xml:15:13-82
135            android:exported="false"
135-->[com.stripe:paymentsheet:20.15.4] AndroidManifest.xml:16:13-37
136            android:theme="@style/StripePaymentSheetDefaultTheme" />
136-->[com.stripe:paymentsheet:20.15.4] AndroidManifest.xml:17:13-66
137        <activity
137-->[com.stripe:paymentsheet:20.15.4] AndroidManifest.xml:18:9-21:69
138            android:name="com.stripe.android.paymentsheet.addresselement.AddressElementActivity"
138-->[com.stripe:paymentsheet:20.15.4] AndroidManifest.xml:19:13-97
139            android:exported="false"
139-->[com.stripe:paymentsheet:20.15.4] AndroidManifest.xml:20:13-37
140            android:theme="@style/StripePaymentSheetDefaultTheme" />
140-->[com.stripe:paymentsheet:20.15.4] AndroidManifest.xml:21:13-66
141        <activity
141-->[com.stripe:paymentsheet:20.15.4] AndroidManifest.xml:22:9-25:69
142            android:name="com.stripe.android.paymentsheet.paymentdatacollection.polling.PollingActivity"
142-->[com.stripe:paymentsheet:20.15.4] AndroidManifest.xml:23:13-105
143            android:exported="false"
143-->[com.stripe:paymentsheet:20.15.4] AndroidManifest.xml:24:13-37
144            android:theme="@style/StripePaymentSheetDefaultTheme" />
144-->[com.stripe:paymentsheet:20.15.4] AndroidManifest.xml:25:13-66
145        <activity
145-->[com.stripe:link:20.15.4] AndroidManifest.xml:10:9-15:58
146            android:name="com.stripe.android.link.LinkActivity"
146-->[com.stripe:link:20.15.4] AndroidManifest.xml:11:13-64
147            android:exported="false"
147-->[com.stripe:link:20.15.4] AndroidManifest.xml:12:13-37
148            android:label="@string/link"
148-->[com.stripe:link:20.15.4] AndroidManifest.xml:13:13-41
149            android:theme="@style/LinkBaseTheme"
149-->[com.stripe:link:20.15.4] AndroidManifest.xml:14:13-49
150            android:windowSoftInputMode="adjustResize" />
150-->[com.stripe:link:20.15.4] AndroidManifest.xml:15:13-55
151        <activity
151-->[com.stripe:financial-connections:20.15.4] AndroidManifest.xml:23:9-42:20
152            android:name="com.stripe.android.financialconnections.FinancialConnectionsSheetRedirectActivity"
152-->[com.stripe:financial-connections:20.15.4] AndroidManifest.xml:24:13-109
153            android:exported="true" >
153-->[com.stripe:financial-connections:20.15.4] AndroidManifest.xml:25:13-36
154            <intent-filter>
154-->[com.stripe:financial-connections:20.15.4] AndroidManifest.xml:26:13-41:29
155                <action android:name="android.intent.action.VIEW" />
155-->[com.stripe:financial-connections:20.15.4] AndroidManifest.xml:16:13-65
155-->[com.stripe:financial-connections:20.15.4] AndroidManifest.xml:16:21-62
156
157                <category android:name="android.intent.category.DEFAULT" />
157-->[com.stripe:financial-connections:20.15.4] AndroidManifest.xml:29:17-76
157-->[com.stripe:financial-connections:20.15.4] AndroidManifest.xml:29:27-73
158                <category android:name="android.intent.category.BROWSABLE" />
158-->[com.stripe:financial-connections:20.15.4] AndroidManifest.xml:30:17-78
158-->[com.stripe:financial-connections:20.15.4] AndroidManifest.xml:30:27-75
159
160                <!-- Accepts success and cancel URIs that begin with "stripe-auth://link-accounts” -->
161                <data
161-->[:file_picker] AndroidManifest.xml:15:13-44
162                    android:host="link-accounts"
163                    android:path="/com.community.adlinc/success"
164                    android:scheme="stripe-auth" />
165                <data
165-->[:file_picker] AndroidManifest.xml:15:13-44
166                    android:host="link-accounts"
167                    android:path="/com.community.adlinc/cancel"
168                    android:scheme="stripe-auth" />
169            </intent-filter>
170        </activity>
171        <activity
171-->[com.stripe:financial-connections:20.15.4] AndroidManifest.xml:43:9-46:57
172            android:name="com.stripe.android.financialconnections.FinancialConnectionsSheetActivity"
172-->[com.stripe:financial-connections:20.15.4] AndroidManifest.xml:44:13-101
173            android:exported="false"
173-->[com.stripe:financial-connections:20.15.4] AndroidManifest.xml:45:13-37
174            android:theme="@style/StripeDefaultTheme" />
174-->[com.stripe:financial-connections:20.15.4] AndroidManifest.xml:46:13-54
175
176        <provider
176-->[com.stripe:financial-connections:20.15.4] AndroidManifest.xml:48:9-52:43
177            android:name="com.stripe.android.financialconnections.appinitializer.FinancialConnectionsInitializer"
177-->[com.stripe:financial-connections:20.15.4] AndroidManifest.xml:49:13-114
178            android:authorities="com.community.adlinc.financialconnections-init"
178-->[com.stripe:financial-connections:20.15.4] AndroidManifest.xml:50:13-77
179            android:exported="false"
179-->[com.stripe:financial-connections:20.15.4] AndroidManifest.xml:51:13-37
180            android:multiprocess="true" />
180-->[com.stripe:financial-connections:20.15.4] AndroidManifest.xml:52:13-40
181
182        <activity
182-->[com.stripe:payments-ui-core:20.15.4] AndroidManifest.xml:10:9-13:69
183            android:name="com.stripe.android.ui.core.cardscan.CardScanActivity"
183-->[com.stripe:payments-ui-core:20.15.4] AndroidManifest.xml:11:13-80
184            android:exported="false"
184-->[com.stripe:payments-ui-core:20.15.4] AndroidManifest.xml:12:13-37
185            android:theme="@style/StripePaymentSheetDefaultTheme" />
185-->[com.stripe:payments-ui-core:20.15.4] AndroidManifest.xml:13:13-66
186        <activity
186-->[com.stripe:payments-core:20.15.4] AndroidManifest.xml:17:9-20:57
187            android:name="com.stripe.android.view.AddPaymentMethodActivity"
187-->[com.stripe:payments-core:20.15.4] AndroidManifest.xml:18:13-76
188            android:exported="false"
188-->[com.stripe:payments-core:20.15.4] AndroidManifest.xml:19:13-37
189            android:theme="@style/StripeDefaultTheme" />
189-->[com.stripe:payments-core:20.15.4] AndroidManifest.xml:20:13-54
190        <activity
190-->[com.stripe:payments-core:20.15.4] AndroidManifest.xml:21:9-24:57
191            android:name="com.stripe.android.view.PaymentMethodsActivity"
191-->[com.stripe:payments-core:20.15.4] AndroidManifest.xml:22:13-74
192            android:exported="false"
192-->[com.stripe:payments-core:20.15.4] AndroidManifest.xml:23:13-37
193            android:theme="@style/StripeDefaultTheme" />
193-->[com.stripe:payments-core:20.15.4] AndroidManifest.xml:24:13-54
194        <activity
194-->[com.stripe:payments-core:20.15.4] AndroidManifest.xml:25:9-28:57
195            android:name="com.stripe.android.view.PaymentFlowActivity"
195-->[com.stripe:payments-core:20.15.4] AndroidManifest.xml:26:13-71
196            android:exported="false"
196-->[com.stripe:payments-core:20.15.4] AndroidManifest.xml:27:13-37
197            android:theme="@style/StripeDefaultTheme" />
197-->[com.stripe:payments-core:20.15.4] AndroidManifest.xml:28:13-54
198        <activity
198-->[com.stripe:payments-core:20.15.4] AndroidManifest.xml:29:9-33:58
199            android:name="com.stripe.android.view.PaymentAuthWebViewActivity"
199-->[com.stripe:payments-core:20.15.4] AndroidManifest.xml:30:13-78
200            android:exported="false"
200-->[com.stripe:payments-core:20.15.4] AndroidManifest.xml:31:13-37
201            android:theme="@style/StripeDefaultTheme"
201-->[com.stripe:payments-core:20.15.4] AndroidManifest.xml:32:13-54
202            android:windowSoftInputMode="adjustResize" />
202-->[com.stripe:payments-core:20.15.4] AndroidManifest.xml:33:13-55
203        <activity
203-->[com.stripe:payments-core:20.15.4] AndroidManifest.xml:34:9-37:61
204            android:name="com.stripe.android.view.PaymentRelayActivity"
204-->[com.stripe:payments-core:20.15.4] AndroidManifest.xml:35:13-72
205            android:exported="false"
205-->[com.stripe:payments-core:20.15.4] AndroidManifest.xml:36:13-37
206            android:theme="@style/StripeTransparentTheme" />
206-->[com.stripe:payments-core:20.15.4] AndroidManifest.xml:37:13-58
207        <!--
208        Set android:launchMode="singleTop" so that the StripeBrowserLauncherActivity instance that
209        launched the browser Activity will also handle the return URL deep link.
210        -->
211        <activity
211-->[com.stripe:payments-core:20.15.4] AndroidManifest.xml:43:9-47:61
212            android:name="com.stripe.android.payments.StripeBrowserLauncherActivity"
212-->[com.stripe:payments-core:20.15.4] AndroidManifest.xml:44:13-85
213            android:exported="false"
213-->[com.stripe:payments-core:20.15.4] AndroidManifest.xml:45:13-37
214            android:launchMode="singleTask"
214-->[com.stripe:payments-core:20.15.4] AndroidManifest.xml:46:13-44
215            android:theme="@style/StripeTransparentTheme" />
215-->[com.stripe:payments-core:20.15.4] AndroidManifest.xml:47:13-58
216        <activity
216-->[com.stripe:payments-core:20.15.4] AndroidManifest.xml:48:9-65:20
217            android:name="com.stripe.android.payments.StripeBrowserProxyReturnActivity"
217-->[com.stripe:payments-core:20.15.4] AndroidManifest.xml:49:13-88
218            android:exported="true"
218-->[com.stripe:payments-core:20.15.4] AndroidManifest.xml:50:13-36
219            android:launchMode="singleTask"
219-->[com.stripe:payments-core:20.15.4] AndroidManifest.xml:51:13-44
220            android:theme="@style/StripeTransparentTheme" >
220-->[com.stripe:payments-core:20.15.4] AndroidManifest.xml:52:13-58
221            <intent-filter>
221-->[com.stripe:payments-core:20.15.4] AndroidManifest.xml:53:13-64:29
222                <action android:name="android.intent.action.VIEW" />
222-->[com.stripe:financial-connections:20.15.4] AndroidManifest.xml:16:13-65
222-->[com.stripe:financial-connections:20.15.4] AndroidManifest.xml:16:21-62
223
224                <category android:name="android.intent.category.DEFAULT" />
224-->[com.stripe:financial-connections:20.15.4] AndroidManifest.xml:29:17-76
224-->[com.stripe:financial-connections:20.15.4] AndroidManifest.xml:29:27-73
225                <category android:name="android.intent.category.BROWSABLE" />
225-->[com.stripe:financial-connections:20.15.4] AndroidManifest.xml:30:17-78
225-->[com.stripe:financial-connections:20.15.4] AndroidManifest.xml:30:27-75
226
227                <!-- Must match `DefaultReturnUrl#value`. -->
228                <data
228-->[:file_picker] AndroidManifest.xml:15:13-44
229                    android:host="payment_return_url"
230                    android:path="/com.community.adlinc"
231                    android:scheme="stripesdk" />
232            </intent-filter>
233        </activity>
234        <activity
234-->[com.stripe:payments-core:20.15.4] AndroidManifest.xml:66:9-69:57
235            android:name="com.stripe.android.payments.core.authentication.threeds2.Stripe3ds2TransactionActivity"
235-->[com.stripe:payments-core:20.15.4] AndroidManifest.xml:67:13-114
236            android:exported="false"
236-->[com.stripe:payments-core:20.15.4] AndroidManifest.xml:68:13-37
237            android:theme="@style/StripeDefaultTheme" />
237-->[com.stripe:payments-core:20.15.4] AndroidManifest.xml:69:13-54
238        <activity
238-->[com.stripe:payments-core:20.15.4] AndroidManifest.xml:70:9-73:66
239            android:name="com.stripe.android.googlepaylauncher.StripeGooglePayActivity"
239-->[com.stripe:payments-core:20.15.4] AndroidManifest.xml:71:13-88
240            android:exported="false"
240-->[com.stripe:payments-core:20.15.4] AndroidManifest.xml:72:13-37
241            android:theme="@style/StripeGooglePayDefaultTheme" />
241-->[com.stripe:payments-core:20.15.4] AndroidManifest.xml:73:13-63
242        <activity
242-->[com.stripe:payments-core:20.15.4] AndroidManifest.xml:74:9-77:66
243            android:name="com.stripe.android.googlepaylauncher.GooglePayLauncherActivity"
243-->[com.stripe:payments-core:20.15.4] AndroidManifest.xml:75:13-90
244            android:exported="false"
244-->[com.stripe:payments-core:20.15.4] AndroidManifest.xml:76:13-37
245            android:theme="@style/StripeGooglePayDefaultTheme" />
245-->[com.stripe:payments-core:20.15.4] AndroidManifest.xml:77:13-63
246        <activity
246-->[com.stripe:payments-core:20.15.4] AndroidManifest.xml:78:9-81:66
247            android:name="com.stripe.android.googlepaylauncher.GooglePayPaymentMethodLauncherActivity"
247-->[com.stripe:payments-core:20.15.4] AndroidManifest.xml:79:13-103
248            android:exported="false"
248-->[com.stripe:payments-core:20.15.4] AndroidManifest.xml:80:13-37
249            android:theme="@style/StripeGooglePayDefaultTheme" />
249-->[com.stripe:payments-core:20.15.4] AndroidManifest.xml:81:13-63
250        <activity
250-->[com.stripe:payments-core:20.15.4] AndroidManifest.xml:82:9-85:62
251            android:name="com.stripe.android.payments.paymentlauncher.PaymentLauncherConfirmationActivity"
251-->[com.stripe:payments-core:20.15.4] AndroidManifest.xml:83:13-107
252            android:exported="false"
252-->[com.stripe:payments-core:20.15.4] AndroidManifest.xml:84:13-37
253            android:theme="@style/PayLauncherDefaultTheme" />
253-->[com.stripe:payments-core:20.15.4] AndroidManifest.xml:85:13-59
254        <activity
254-->[com.stripe:payments-core:20.15.4] AndroidManifest.xml:86:9-89:61
255            android:name="com.stripe.android.payments.bankaccount.ui.CollectBankAccountActivity"
255-->[com.stripe:payments-core:20.15.4] AndroidManifest.xml:87:13-97
256            android:exported="false"
256-->[com.stripe:payments-core:20.15.4] AndroidManifest.xml:88:13-37
257            android:theme="@style/StripeTransparentTheme" />
257-->[com.stripe:payments-core:20.15.4] AndroidManifest.xml:89:13-58
258        <activity
258-->[com.stripe:stripe-3ds2-android:6.1.5] AndroidManifest.xml:10:9-13:54
259            android:name="com.stripe.android.stripe3ds2.views.ChallengeActivity"
259-->[com.stripe:stripe-3ds2-android:6.1.5] AndroidManifest.xml:11:13-81
260            android:exported="false"
260-->[com.stripe:stripe-3ds2-android:6.1.5] AndroidManifest.xml:12:13-37
261            android:theme="@style/Stripe3DS2Theme" />
261-->[com.stripe:stripe-3ds2-android:6.1.5] AndroidManifest.xml:13:13-51
262        <activity
262-->[com.google.android.libraries.places:places:2.5.0] AndroidManifest.xml:14:9-20:20
263            android:name="com.google.android.libraries.places.widget.AutocompleteActivity"
263-->[com.google.android.libraries.places:places:2.5.0] AndroidManifest.xml:15:13-91
264            android:exported="false"
264-->[com.google.android.libraries.places:places:2.5.0] AndroidManifest.xml:16:13-37
265            android:label="@string/places_autocomplete_label"
265-->[com.google.android.libraries.places:places:2.5.0] AndroidManifest.xml:17:13-62
266            android:theme="@style/PlacesAutocompleteOverlay"
266-->[com.google.android.libraries.places:places:2.5.0] AndroidManifest.xml:18:13-61
267            android:windowSoftInputMode="adjustResize" >
267-->[com.google.android.libraries.places:places:2.5.0] AndroidManifest.xml:19:13-55
268        </activity>
269        <activity
269-->[com.google.firebase:firebase-auth:21.0.8] AndroidManifest.xml:27:9-44:20
270            android:name="com.google.firebase.auth.internal.GenericIdpActivity"
270-->[com.google.firebase:firebase-auth:21.0.8] AndroidManifest.xml:28:13-80
271            android:excludeFromRecents="true"
271-->[com.google.firebase:firebase-auth:21.0.8] AndroidManifest.xml:29:13-46
272            android:exported="true"
272-->[com.google.firebase:firebase-auth:21.0.8] AndroidManifest.xml:30:13-36
273            android:launchMode="singleTask"
273-->[com.google.firebase:firebase-auth:21.0.8] AndroidManifest.xml:31:13-44
274            android:theme="@android:style/Theme.Translucent.NoTitleBar" >
274-->[com.google.firebase:firebase-auth:21.0.8] AndroidManifest.xml:32:13-72
275            <intent-filter>
275-->[com.google.firebase:firebase-auth:21.0.8] AndroidManifest.xml:33:13-43:29
276                <action android:name="android.intent.action.VIEW" />
276-->[com.stripe:financial-connections:20.15.4] AndroidManifest.xml:16:13-65
276-->[com.stripe:financial-connections:20.15.4] AndroidManifest.xml:16:21-62
277
278                <category android:name="android.intent.category.DEFAULT" />
278-->[com.stripe:financial-connections:20.15.4] AndroidManifest.xml:29:17-76
278-->[com.stripe:financial-connections:20.15.4] AndroidManifest.xml:29:27-73
279                <category android:name="android.intent.category.BROWSABLE" />
279-->[com.stripe:financial-connections:20.15.4] AndroidManifest.xml:30:17-78
279-->[com.stripe:financial-connections:20.15.4] AndroidManifest.xml:30:27-75
280
281                <data
281-->[:file_picker] AndroidManifest.xml:15:13-44